[ 2017-05-16T16:53:04+08:00 ] ::1 /lottery/admin/user.html
INFO: [ app_begin ] --START--
INFO: Run Behavior\ReadHtmlCache [ RunTime:0.000512s ]
INFO: [ app_begin ] --END-- [ RunTime:0.000914s ]
INFO: [ view_parse ] --START--
INFO: [ template_filter ] --START--
INFO: Run Behavior\ContentReplace [ RunTime:0.000127s ]
INFO: [ template_filter ] --END-- [ RunTime:0.000211s ]
INFO: Run Behavior\ParseTemplate [ RunTime:0.015415s ]
INFO: [ view_parse ] --END-- [ RunTime:0.015471s ]
INFO: [ view_filter ] --START--
INFO: Run Behavior\WriteHtmlCache [ RunTime:0.000329s ]
INFO: [ view_filter ] --END-- [ RunTime:0.000373s ]
INFO: [ app_end ] --START--
INFO: Run Behavior\ShowPageTrace [ RunTime:0.000638s ]
INFO: [ app_end ] --END-- [ RunTime:0.000715s ]

[ 2017-05-16T16:53:04+08:00 ] ::1 /lottery/admin/assets/css/animate.min.css
INFO: [ app_begin ] --START--
INFO: Run Behavior\ReadHtmlCache [ RunTime:0.000362s ]
INFO: [ app_begin ] --END-- [ RunTime:0.000643s ]
ERR: 无法加载控制器:Assets

[ 2017-05-16T16:53:04+08:00 ] ::1 /lottery/admin/assets/css/paper-dashboard.css
INFO: [ app_begin ] --START--
INFO: Run Behavior\ReadHtmlCache [ RunTime:0.000347s ]
INFO: [ app_begin ] --END-- [ RunTime:0.000627s ]
ERR: 无法加载控制器:Assets

[ 2017-05-16T16:53:04+08:00 ] ::1 /lottery/admin/assets/css/demo.css
INFO: [ app_begin ] --START--
INFO: Run Behavior\ReadHtmlCache [ RunTime:0.000602s ]
INFO: [ app_begin ] --END-- [ RunTime:0.001160s ]
ERR: 无法加载控制器:Assets

[ 2017-05-16T16:53:04+08:00 ] ::1 /lottery/admin/assets/css/themify-icons.css
INFO: [ app_begin ] --START--
INFO: Run Behavior\ReadHtmlCache [ RunTime:0.000709s ]
INFO: [ app_begin ] --END-- [ RunTime:0.001055s ]
ERR: 无法加载控制器:Assets

[ 2017-05-16T16:53:04+08:00 ] ::1 /lottery/admin/assets/css/bootstrap.min.css
INFO: [ app_begin ] --START--
INFO: Run Behavior\ReadHtmlCache [ RunTime:0.000680s ]
INFO: [ app_begin ] --END-- [ RunTime:0.001093s ]
ERR: 无法加载控制器:Assets

[ 2017-05-16T16:53:04+08:00 ] ::1 /lottery/admin/assets/js/jquery-1.10.2.js
INFO: [ app_begin ] --START--
INFO: Run Behavior\ReadHtmlCache [ RunTime:0.000331s ]
INFO: [ app_begin ] --END-- [ RunTime:0.000627s ]
ERR: 无法加载控制器:Assets

[ 2017-05-16T16:53:04+08:00 ] ::1 /lottery/admin/assets/js/bootstrap.min.js
INFO: [ app_begin ] --START--
INFO: Run Behavior\ReadHtmlCache [ RunTime:0.000361s ]
INFO: [ app_begin ] --END-- [ RunTime:0.000653s ]
ERR: 无法加载控制器:Assets

[ 2017-05-16T16:53:05+08:00 ] ::1 /lottery/admin/assets/js/bootstrap-checkbox-radio.js
INFO: [ app_begin ] --START--
INFO: Run Behavior\ReadHtmlCache [ RunTime:0.000348s ]
INFO: [ app_begin ] --END-- [ RunTime:0.000634s ]
ERR: 无法加载控制器:Assets

[ 2017-05-16T16:53:05+08:00 ] ::1 /lottery/admin/assets/js/chartist.min.js
INFO: [ app_begin ] --START--
INFO: Run Behavior\ReadHtmlCache [ RunTime:0.000447s ]
INFO: [ app_begin ] --END-- [ RunTime:0.000740s ]
ERR: 无法加载控制器:Assets

[ 2017-05-16T16:53:05+08:00 ] ::1 /lottery/admin/assets/js/bootstrap-notify.js
INFO: [ app_begin ] --START--
INFO: Run Behavior\ReadHtmlCache [ RunTime:0.000750s ]
INFO: [ app_begin ] --END-- [ RunTime:0.001145s ]
ERR: 无法加载控制器:Assets

[ 2017-05-16T16:53:05+08:00 ] ::1 /lottery/admin/assets/js/paper-dashboard.js
INFO: [ app_begin ] --START--
INFO: Run Behavior\ReadHtmlCache [ RunTime:0.000388s ]
INFO: [ app_begin ] --END-- [ RunTime:0.000739s ]
ERR: 无法加载控制器:Assets

[ 2017-05-16T16:53:05+08:00 ] ::1 /lottery/admin/assets/js/demo.js
INFO: [ app_begin ] --START--
INFO: Run Behavior\ReadHtmlCache [ RunTime:0.000455s ]
INFO: [ app_begin ] --END-- [ RunTime:0.000766s ]
ERR: 无法加载控制器:Assets

[ 2017-05-16T16:53:09+08:00 ] ::1 /lottery/admin/assets/js/jquery-1.10.2.js
INFO: [ app_begin ] --START--
INFO: Run Behavior\ReadHtmlCache [ RunTime:0.000383s ]
INFO: [ app_begin ] --END-- [ RunTime:0.000742s ]
ERR: 无法加载控制器:Assets

[ 2017-05-16T16:53:09+08:00 ] ::1 /lottery/admin/assets/js/bootstrap.min.js
INFO: [ app_begin ] --START--
INFO: Run Behavior\ReadHtmlCache [ RunTime:0.000387s ]
INFO: [ app_begin ] --END-- [ RunTime:0.000695s ]
ERR: 无法加载控制器:Assets

[ 2017-05-16T16:53:09+08:00 ] ::1 /lottery/admin/assets/js/bootstrap-checkbox-radio.js
INFO: [ app_begin ] --START--
INFO: Run Behavior\ReadHtmlCache [ RunTime:0.000504s ]
INFO: [ app_begin ] --END-- [ RunTime:0.000838s ]
ERR: 无法加载控制器:Assets

[ 2017-05-16T16:53:09+08:00 ] ::1 /lottery/admin/assets/js/chartist.min.js
INFO: [ app_begin ] --START--
INFO: Run Behavior\ReadHtmlCache [ RunTime:0.000354s ]
INFO: [ app_begin ] --END-- [ RunTime:0.000672s ]
ERR: 无法加载控制器:Assets

[ 2017-05-16T16:53:09+08:00 ] ::1 /lottery/admin/assets/js/bootstrap-notify.js
INFO: [ app_begin ] --START--
INFO: Run Behavior\ReadHtmlCache [ RunTime:0.000353s ]
INFO: [ app_begin ] --END-- [ RunTime:0.000627s ]
ERR: 无法加载控制器:Assets

[ 2017-05-16T16:53:10+08:00 ] ::1 /lottery/admin/assets/js/paper-dashboard.js
INFO: [ app_begin ] --START--
INFO: Run Behavior\ReadHtmlCache [ RunTime:0.000367s ]
INFO: [ app_begin ] --END-- [ RunTime:0.000849s ]
ERR: 无法加载控制器:Assets

[ 2017-05-16T16:53:10+08:00 ] ::1 /lottery/admin/assets/js/demo.js
INFO: [ app_begin ] --START--
INFO: Run Behavior\ReadHtmlCache [ RunTime:0.000375s ]
INFO: [ app_begin ] --END-- [ RunTime:0.000645s ]
ERR: 无法加载控制器:Assets

[ 2017-05-16T16:53:20+08:00 ] ::1 /lottery/admin/user.html
INFO: [ app_begin ] --START--
INFO: Run Behavior\ReadHtmlCache [ RunTime:0.000368s ]
INFO: [ app_begin ] --END-- [ RunTime:0.000640s ]
INFO: [ view_parse ] --START--
INFO: [ template_filter ] --START--
INFO: Run Behavior\ContentReplace [ RunTime:0.000114s ]
INFO: [ template_filter ] --END-- [ RunTime:0.000203s ]
INFO: Run Behavior\ParseTemplate [ RunTime:0.007384s ]
INFO: [ view_parse ] --END-- [ RunTime:0.007512s ]
INFO: [ view_filter ] --START--
INFO: Run Behavior\WriteHtmlCache [ RunTime:0.000534s ]
INFO: [ view_filter ] --END-- [ RunTime:0.000596s ]
INFO: [ app_end ] --START--
INFO: Run Behavior\ShowPageTrace [ RunTime:0.000752s ]
INFO: [ app_end ] --END-- [ RunTime:0.000845s ]

[ 2017-05-16T16:53:20+08:00 ] ::1 /lottery/admin/assets/css/bootstrap.min.css
INFO: [ app_begin ] --START--
INFO: Run Behavior\ReadHtmlCache [ RunTime:0.000360s ]
INFO: [ app_begin ] --END-- [ RunTime:0.000628s ]
ERR: 无法加载控制器:Assets

[ 2017-05-16T16:53:20+08:00 ] ::1 /lottery/admin/assets/css/animate.min.css
INFO: [ app_begin ] --START--
INFO: Run Behavior\ReadHtmlCache [ RunTime:0.000667s ]
INFO: [ app_begin ] --END-- [ RunTime:0.000984s ]
ERR: 无法加载控制器:Assets

[ 2017-05-16T16:53:20+08:00 ] ::1 /lottery/admin/assets/css/paper-dashboard.css
INFO: [ app_begin ] --START--
INFO: Run Behavior\ReadHtmlCache [ RunTime:0.000890s ]
INFO: [ app_begin ] --END-- [ RunTime:0.001273s ]
ERR: 无法加载控制器:Assets

[ 2017-05-16T16:53:20+08:00 ] ::1 /lottery/admin/assets/css/demo.css
INFO: [ app_begin ] --START--
INFO: Run Behavior\ReadHtmlCache [ RunTime:0.000379s ]
INFO: [ app_begin ] --END-- [ RunTime:0.001674s ]
ERR: 无法加载控制器:Assets

[ 2017-05-16T16:53:20+08:00 ] ::1 /lottery/admin/assets/css/themify-icons.css
INFO: [ app_begin ] --START--
INFO: Run Behavior\ReadHtmlCache [ RunTime:0.000530s ]
INFO: [ app_begin ] --END-- [ RunTime:0.000842s ]
ERR: 无法加载控制器:Assets

[ 2017-05-16T16:53:20+08:00 ] ::1 /lottery/admin/assets/js/jquery-1.10.2.js
INFO: [ app_begin ] --START--
INFO: Run Behavior\ReadHtmlCache [ RunTime:0.000416s ]
INFO: [ app_begin ] --END-- [ RunTime:0.000763s ]
ERR: 无法加载控制器:Assets

[ 2017-05-16T16:53:20+08:00 ] ::1 /lottery/admin/assets/js/bootstrap-checkbox-radio.js
INFO: [ app_begin ] --START--
INFO: Run Behavior\ReadHtmlCache [ RunTime:0.000340s ]
INFO: [ app_begin ] --END-- [ RunTime:0.000615s ]
ERR: 无法加载控制器:Assets

[ 2017-05-16T16:53:20+08:00 ] ::1 /lottery/admin/assets/js/chartist.min.js
INFO: [ app_begin ] --START--
INFO: Run Behavior\ReadHtmlCache [ RunTime:0.000752s ]
INFO: [ app_begin ] --END-- [ RunTime:0.001380s ]
ERR: 无法加载控制器:Assets

[ 2017-05-16T16:53:20+08:00 ] ::1 /lottery/admin/assets/js/paper-dashboard.js
INFO: [ app_begin ] --START--
INFO: Run Behavior\ReadHtmlCache [ RunTime:0.000394s ]
INFO: [ app_begin ] --END-- [ RunTime:0.000706s ]
ERR: 无法加载控制器:Assets

[ 2017-05-16T16:53:20+08:00 ] ::1 /lottery/admin/assets/js/bootstrap.min.js
INFO: [ app_begin ] --START--
INFO: Run Behavior\ReadHtmlCache [ RunTime:0.000417s ]
INFO: [ app_begin ] --END-- [ RunTime:0.000687s ]
ERR: 无法加载控制器:Assets

[ 2017-05-16T16:53:20+08:00 ] ::1 /lottery/admin/assets/js/demo.js
INFO: [ app_begin ] --START--
INFO: Run Behavior\ReadHtmlCache [ RunTime:0.000381s ]
INFO: [ app_begin ] --END-- [ RunTime:0.000735s ]
ERR: 无法加载控制器:Assets

[ 2017-05-16T16:53:20+08:00 ] ::1 /lottery/admin/assets/js/bootstrap-notify.js
INFO: [ app_begin ] --START--
INFO: Run Behavior\ReadHtmlCache [ RunTime:0.000694s ]
INFO: [ app_begin ] --END-- [ RunTime:0.001250s ]
ERR: 无法加载控制器:Assets

[ 2017-05-16T16:53:20+08:00 ] ::1 /lottery/admin/assets/js/jquery-1.10.2.js
INFO: [ app_begin ] --START--
INFO: Run Behavior\ReadHtmlCache [ RunTime:0.040773s ]
INFO: [ app_begin ] --END-- [ RunTime:0.041227s ]
ERR: 无法加载控制器:Assets

[ 2017-05-16T16:53:20+08:00 ] ::1 /lottery/admin/assets/js/bootstrap.min.js
INFO: [ app_begin ] --START--
INFO: Run Behavior\ReadHtmlCache [ RunTime:0.000593s ]
INFO: [ app_begin ] --END-- [ RunTime:0.000991s ]
ERR: 无法加载控制器:Assets

[ 2017-05-16T16:53:20+08:00 ] ::1 /lottery/admin/assets/js/bootstrap-checkbox-radio.js
INFO: [ app_begin ] --START--
INFO: Run Behavior\ReadHtmlCache [ RunTime:0.000555s ]
INFO: [ app_begin ] --END-- [ RunTime:0.000959s ]
ERR: 无法加载控制器:Assets

[ 2017-05-16T16:53:20+08:00 ] ::1 /lottery/admin/assets/js/chartist.min.js
INFO: [ app_begin ] --START--
INFO: Run Behavior\ReadHtmlCache [ RunTime:0.000500s ]
INFO: [ app_begin ] --END-- [ RunTime:0.000849s ]
ERR: 无法加载控制器:Assets

[ 2017-05-16T16:53:20+08:00 ] ::1 /lottery/admin/assets/js/bootstrap-notify.js
INFO: [ app_begin ] --START--
INFO: Run Behavior\ReadHtmlCache [ RunTime:0.000565s ]
INFO: [ app_begin ] --END-- [ RunTime:0.000866s ]
ERR: 无法加载控制器:Assets

[ 2017-05-16T16:53:20+08:00 ] ::1 /lottery/admin/assets/js/paper-dashboard.js
INFO: [ app_begin ] --START--
INFO: Run Behavior\ReadHtmlCache [ RunTime:0.000587s ]
INFO: [ app_begin ] --END-- [ RunTime:0.000991s ]
ERR: 无法加载控制器:Assets

[ 2017-05-16T16:53:20+08:00 ] ::1 /lottery/admin/assets/js/demo.js
INFO: [ app_begin ] --START--
INFO: Run Behavior\ReadHtmlCache [ RunTime:0.000632s ]
INFO: [ app_begin ] --END-- [ RunTime:0.001143s ]
ERR: 无法加载控制器:Assets

[ 2017-05-16T16:53:28+08:00 ] ::1 /lottery/admin/
INFO: [ app_begin ] --START--
INFO: Run Behavior\ReadHtmlCache [ RunTime:0.000611s ]
INFO: [ app_begin ] --END-- [ RunTime:0.000995s ]
INFO: [ view_parse ] --START--
INFO: [ template_filter ] --START--
INFO: Run Behavior\ContentReplace [ RunTime:0.000156s ]
INFO: [ template_filter ] --END-- [ RunTime:0.000259s ]
INFO: Run Behavior\ParseTemplate [ RunTime:0.008854s ]
INFO: [ view_parse ] --END-- [ RunTime:0.008944s ]
INFO: [ view_filter ] --START--
INFO: Run Behavior\WriteHtmlCache [ RunTime:0.000354s ]
INFO: [ view_filter ] --END-- [ RunTime:0.000398s ]
INFO: [ app_end ] --START--
INFO: Run Behavior\ShowPageTrace [ RunTime:0.000652s ]
INFO: [ app_end ] --END-- [ RunTime:0.000718s ]

[ 2017-05-16T16:53:29+08:00 ] ::1 /lottery/admin/user.html
INFO: [ app_begin ] --START--
INFO: Run Behavior\ReadHtmlCache [ RunTime:0.000627s ]
INFO: [ app_begin ] --END-- [ RunTime:0.001002s ]
INFO: [ view_parse ] --START--
INFO: [ template_filter ] --START--
INFO: Run Behavior\ContentReplace [ RunTime:0.000111s ]
INFO: [ template_filter ] --END-- [ RunTime:0.000192s ]
INFO: Run Behavior\ParseTemplate [ RunTime:0.008801s ]
INFO: [ view_parse ] --END-- [ RunTime:0.008895s ]
INFO: [ view_filter ] --START--
INFO: Run Behavior\WriteHtmlCache [ RunTime:0.000388s ]
INFO: [ view_filter ] --END-- [ RunTime:0.000434s ]
INFO: [ app_end ] --START--
INFO: Run Behavior\ShowPageTrace [ RunTime:0.000683s ]
INFO: [ app_end ] --END-- [ RunTime:0.000747s ]

[ 2017-05-16T16:53:29+08:00 ] ::1 /lottery/admin/assets/css/paper-dashboard.css
INFO: [ app_begin ] --START--
INFO: Run Behavior\ReadHtmlCache [ RunTime:0.000348s ]
INFO: [ app_begin ] --END-- [ RunTime:0.000620s ]
ERR: 无法加载控制器:Assets

[ 2017-05-16T16:53:29+08:00 ] ::1 /lottery/admin/assets/css/animate.min.css
INFO: [ app_begin ] --START--
INFO: Run Behavior\ReadHtmlCache [ RunTime:0.000595s ]
INFO: [ app_begin ] --END-- [ RunTime:0.000902s ]
ERR: 无法加载控制器:Assets

[ 2017-05-16T16:53:29+08:00 ] ::1 /lottery/admin/assets/css/demo.css
INFO: [ app_begin ] --START--
INFO: Run Behavior\ReadHtmlCache [ RunTime:0.000431s ]
INFO: [ app_begin ] --END-- [ RunTime:0.000699s ]
ERR: 无法加载控制器:Assets

[ 2017-05-16T16:53:29+08:00 ] ::1 /lottery/admin/assets/css/bootstrap.min.css
INFO: [ app_begin ] --START--
INFO: Run Behavior\ReadHtmlCache [ RunTime:0.000765s ]
INFO: [ app_begin ] --END-- [ RunTime:0.001115s ]
ERR: 无法加载控制器:Assets

[ 2017-05-16T16:53:29+08:00 ] ::1 /lottery/admin/assets/js/jquery-1.10.2.js
INFO: [ app_begin ] --START--
INFO: Run Behavior\ReadHtmlCache [ RunTime:0.000351s ]
INFO: [ app_begin ] --END-- [ RunTime:0.000627s ]
ERR: 无法加载控制器:Assets

[ 2017-05-16T16:53:29+08:00 ] ::1 /lottery/admin/assets/css/themify-icons.css
INFO: [ app_begin ] --START--
INFO: Run Behavior\ReadHtmlCache [ RunTime:0.000644s ]
INFO: [ app_begin ] --END-- [ RunTime:0.001135s ]
ERR: 无法加载控制器:Assets

[ 2017-05-16T16:53:29+08:00 ] ::1 /lottery/admin/assets/js/bootstrap-notify.js
INFO: [ app_begin ] --START--
INFO: Run Behavior\ReadHtmlCache [ RunTime:0.000351s ]
INFO: [ app_begin ] --END-- [ RunTime:0.000617s ]
ERR: 无法加载控制器:Assets

[ 2017-05-16T16:53:29+08:00 ] ::1 /lottery/admin/assets/js/chartist.min.js
INFO: [ app_begin ] --START--
INFO: Run Behavior\ReadHtmlCache [ RunTime:0.000603s ]
INFO: [ app_begin ] --END-- [ RunTime:0.000906s ]
ERR: 无法加载控制器:Assets

[ 2017-05-16T16:53:29+08:00 ] ::1 /lottery/admin/assets/js/paper-dashboard.js
INFO: [ app_begin ] --START--
INFO: Run Behavior\ReadHtmlCache [ RunTime:0.000373s ]
INFO: [ app_begin ] --END-- [ RunTime:0.000644s ]
ERR: 无法加载控制器:Assets

[ 2017-05-16T16:53:29+08:00 ] ::1 /lottery/admin/assets/js/demo.js
INFO: [ app_begin ] --START--
INFO: Run Behavior\ReadHtmlCache [ RunTime:0.000337s ]
INFO: [ app_begin ] --END-- [ RunTime:0.000593s ]
ERR: 无法加载控制器:Assets

[ 2017-05-16T16:53:29+08:00 ] ::1 /lottery/admin/assets/js/bootstrap-checkbox-radio.js
INFO: [ app_begin ] --START--
INFO: Run Behavior\ReadHtmlCache [ RunTime:0.000580s ]
INFO: [ app_begin ] --END-- [ RunTime:0.001457s ]
ERR: 无法加载控制器:Assets

[ 2017-05-16T16:53:29+08:00 ] ::1 /lottery/admin/assets/js/jquery-1.10.2.js
INFO: [ app_begin ] --START--
INFO: Run Behavior\ReadHtmlCache [ RunTime:0.000362s ]
INFO: [ app_begin ] --END-- [ RunTime:0.000640s ]
ERR: 无法加载控制器:Assets

[ 2017-05-16T16:53:29+08:00 ] ::1 /lottery/admin/assets/js/bootstrap.min.js
INFO: [ app_begin ] --START--
INFO: Run Behavior\ReadHtmlCache [ RunTime:0.003142s ]
INFO: [ app_begin ] --END-- [ RunTime:0.003836s ]
ERR: 无法加载控制器:Assets

[ 2017-05-16T16:53:29+08:00 ] ::1 /lottery/admin/assets/js/bootstrap-checkbox-radio.js
INFO: [ app_begin ] --START--
INFO: Run Behavior\ReadHtmlCache [ RunTime:0.000456s ]
INFO: [ app_begin ] --END-- [ RunTime:0.000810s ]
ERR: 无法加载控制器:Assets

[ 2017-05-16T16:53:29+08:00 ] ::1 /lottery/admin/assets/js/chartist.min.js
INFO: [ app_begin ] --START--
INFO: Run Behavior\ReadHtmlCache [ RunTime:0.000417s ]
INFO: [ app_begin ] --END-- [ RunTime:0.000719s ]
ERR: 无法加载控制器:Assets

[ 2017-05-16T16:53:29+08:00 ] ::1 /lottery/admin/assets/js/bootstrap-notify.js
INFO: [ app_begin ] --START--
INFO: Run Behavior\ReadHtmlCache [ RunTime:0.000399s ]
INFO: [ app_begin ] --END-- [ RunTime:0.000715s ]
ERR: 无法加载控制器:Assets

[ 2017-05-16T16:53:29+08:00 ] ::1 /lottery/admin/assets/js/paper-dashboard.js
INFO: [ app_begin ] --START--
INFO: Run Behavior\ReadHtmlCache [ RunTime:0.000378s ]
INFO: [ app_begin ] --END-- [ RunTime:0.000723s ]
ERR: 无法加载控制器:Assets

[ 2017-05-16T16:53:29+08:00 ] ::1 /lottery/admin/assets/js/demo.js
INFO: [ app_begin ] --START--
INFO: Run Behavior\ReadHtmlCache [ RunTime:0.000371s ]
INFO: [ app_begin ] --END-- [ RunTime:0.000681s ]
ERR: 无法加载控制器:Assets

[ 2017-05-16T16:55:19+08:00 ] ::1 /lottery/admin/user.html
INFO: [ app_begin ] --START--
INFO: Run Behavior\ReadHtmlCache [ RunTime:0.000513s ]
INFO: [ app_begin ] --END-- [ RunTime:0.000860s ]
INFO: [ view_parse ] --START--
INFO: [ template_filter ] --START--
INFO: Run Behavior\ContentReplace [ RunTime:0.000138s ]
INFO: [ template_filter ] --END-- [ RunTime:0.000321s ]
INFO: Run Behavior\ParseTemplate [ RunTime:0.007819s ]
INFO: [ view_parse ] --END-- [ RunTime:0.007925s ]
INFO: [ view_filter ] --START--
INFO: Run Behavior\WriteHtmlCache [ RunTime:0.000455s ]
INFO: [ view_filter ] --END-- [ RunTime:0.000515s ]
INFO: [ app_end ] --START--
INFO: Run Behavior\ShowPageTrace [ RunTime:0.000560s ]
INFO: [ app_end ] --END-- [ RunTime:0.000640s ]

[ 2017-05-16T16:55:19+08:00 ] ::1 /lottery/admin/assets/css/demo.css
INFO: [ app_begin ] --START--
INFO: Run Behavior\ReadHtmlCache [ RunTime:0.000521s ]
INFO: [ app_begin ] --END-- [ RunTime:0.000844s ]
ERR: 无法加载控制器:Assets

[ 2017-05-16T16:55:19+08:00 ] ::1 /lottery/admin/assets/css/paper-dashboard.css
INFO: [ app_begin ] --START--
INFO: Run Behavior\ReadHtmlCache [ RunTime:0.000480s ]
INFO: [ app_begin ] --END-- [ RunTime:0.000812s ]
ERR: 无法加载控制器:Assets

[ 2017-05-16T16:55:19+08:00 ] ::1 /lottery/admin/assets/css/bootstrap.min.css
INFO: [ app_begin ] --START--
INFO: Run Behavior\ReadHtmlCache [ RunTime:0.000356s ]
INFO: [ app_begin ] --END-- [ RunTime:0.000640s ]
ERR: 无法加载控制器:Assets

[ 2017-05-16T16:55:19+08:00 ] ::1 /lottery/admin/assets/css/themify-icons.css
INFO: [ app_begin ] --START--
INFO: Run Behavior\ReadHtmlCache [ RunTime:0.000641s ]
INFO: [ app_begin ] --END-- [ RunTime:0.001040s ]
ERR: 无法加载控制器:Assets

[ 2017-05-16T16:55:19+08:00 ] ::1 /lottery/admin/assets/css/animate.min.css
INFO: [ app_begin ] --START--
INFO: Run Behavior\ReadHtmlCache [ RunTime:0.000668s ]
INFO: [ app_begin ] --END-- [ RunTime:0.001023s ]
ERR: 无法加载控制器:Assets

[ 2017-05-16T16:55:19+08:00 ] ::1 /lottery/admin/assets/js/jquery-1.10.2.js
INFO: [ app_begin ] --START--
INFO: Run Behavior\ReadHtmlCache [ RunTime:0.000733s ]
INFO: [ app_begin ] --END-- [ RunTime:0.001193s ]
ERR: 无法加载控制器:Assets

[ 2017-05-16T16:55:19+08:00 ] ::1 /lottery/admin/assets/js/chartist.min.js
INFO: [ app_begin ] --START--
INFO: Run Behavior\ReadHtmlCache [ RunTime:0.000352s ]
INFO: [ app_begin ] --END-- [ RunTime:0.000640s ]
ERR: 无法加载控制器:Assets

[ 2017-05-16T16:55:19+08:00 ] ::1 /lottery/admin/assets/js/bootstrap.min.js
INFO: [ app_begin ] --START--
INFO: Run Behavior\ReadHtmlCache [ RunTime:0.000527s ]
INFO: [ app_begin ] --END-- [ RunTime:0.000863s ]
ERR: 无法加载控制器:Assets

[ 2017-05-16T16:55:19+08:00 ] ::1 /lottery/admin/assets/js/bootstrap-checkbox-radio.js
INFO: [ app_begin ] --START--
INFO: Run Behavior\ReadHtmlCache [ RunTime:0.000721s ]
INFO: [ app_begin ] --END-- [ RunTime:0.001036s ]
ERR: 无法加载控制器:Assets

[ 2017-05-16T16:55:19+08:00 ] ::1 /lottery/admin/assets/js/bootstrap-notify.js
INFO: [ app_begin ] --START--
INFO: Run Behavior\ReadHtmlCache [ RunTime:0.000387s ]
INFO: [ app_begin ] --END-- [ RunTime:0.000741s ]
ERR: 无法加载控制器:Assets

[ 2017-05-16T16:55:19+08:00 ] ::1 /lottery/admin/assets/js/paper-dashboard.js
INFO: [ app_begin ] --START--
INFO: Run Behavior\ReadHtmlCache [ RunTime:0.000596s ]
INFO: [ app_begin ] --END-- [ RunTime:0.001046s ]
ERR: 无法加载控制器:Assets

[ 2017-05-16T16:55:19+08:00 ] ::1 /lottery/admin/assets/js/demo.js
INFO: [ app_begin ] --START--
INFO: Run Behavior\ReadHtmlCache [ RunTime:0.000459s ]
INFO: [ app_begin ] --END-- [ RunTime:0.000894s ]
ERR: 无法加载控制器:Assets

[ 2017-05-16T16:55:19+08:00 ] ::1 /lottery/admin/assets/js/chartist.min.js
INFO: [ app_begin ] --START--
INFO: Run Behavior\ReadHtmlCache [ RunTime:0.000479s ]
INFO: [ app_begin ] --END-- [ RunTime:0.000926s ]
ERR: 无法加载控制器:Assets

[ 2017-05-16T16:55:19+08:00 ] ::1 /lottery/admin/assets/js/bootstrap-notify.js
INFO: [ app_begin ] --START--
INFO: Run Behavior\ReadHtmlCache [ RunTime:0.000421s ]
INFO: [ app_begin ] --END-- [ RunTime:0.000757s ]
ERR: 无法加载控制器:Assets

[ 2017-05-16T16:55:19+08:00 ] ::1 /lottery/admin/assets/js/paper-dashboard.js
INFO: [ app_begin ] --START--
INFO: Run Behavior\ReadHtmlCache [ RunTime:0.000345s ]
INFO: [ app_begin ] --END-- [ RunTime:0.000601s ]
ERR: 无法加载控制器:Assets

[ 2017-05-16T16:55:19+08:00 ] ::1 /lottery/admin/assets/js/demo.js
INFO: [ app_begin ] --START--
INFO: Run Behavior\ReadHtmlCache [ RunTime:0.000463s ]
INFO: [ app_begin ] --END-- [ RunTime:0.000862s ]
ERR: 无法加载控制器:Assets

[ 2017-05-16T17:13:38+08:00 ] ::1 /lottery/admin/
INFO: [ app_begin ] --START--
INFO: Run Behavior\ReadHtmlCache [ RunTime:0.000464s ]
INFO: [ app_begin ] --END-- [ RunTime:0.000793s ]
INFO: [ view_parse ] --START--
INFO: [ template_filter ] --START--
INFO: Run Behavior\ContentReplace [ RunTime:0.000134s ]
INFO: [ template_filter ] --END-- [ RunTime:0.000241s ]
INFO: Run Behavior\ParseTemplate [ RunTime:0.007538s ]
INFO: [ view_parse ] --END-- [ RunTime:0.007634s ]
INFO: [ view_filter ] --START--
INFO: Run Behavior\WriteHtmlCache [ RunTime:0.000320s ]
INFO: [ view_filter ] --END-- [ RunTime:0.000372s ]
INFO: [ app_end ] --START--
INFO: Run Behavior\ShowPageTrace [ RunTime:0.000727s ]
INFO: [ app_end ] --END-- [ RunTime:0.000792s ]

[ 2017-05-16T17:13:43+08:00 ] ::1 /lottery/admin/index.php?index.htm
INFO: [ app_begin ] --START--
INFO: Run Behavior\ReadHtmlCache [ RunTime:0.000570s ]
INFO: [ app_begin ] --END-- [ RunTime:0.000861s ]
ERR: 无法加载控制器:Index.php

[ 2017-05-16T17:13:53+08:00 ] ::1 /lottery/admin/index.php?index.htm
INFO: [ app_begin ] --START--
INFO: Run Behavior\ReadHtmlCache [ RunTime:0.000593s ]
INFO: [ app_begin ] --END-- [ RunTime:0.000882s ]
ERR: 无法加载控制器:Index.php

[ 2017-05-16T17:13:56+08:00 ] ::1 /lottery/admin/
INFO: [ app_begin ] --START--
INFO: Run Behavior\ReadHtmlCache [ RunTime:0.000594s ]
INFO: [ app_begin ] --END-- [ RunTime:0.000982s ]
INFO: [ view_parse ] --START--
INFO: [ template_filter ] --START--
INFO: Run Behavior\ContentReplace [ RunTime:0.000137s ]
INFO: [ template_filter ] --END-- [ RunTime:0.000220s ]
INFO: Run Behavior\ParseTemplate [ RunTime:0.007161s ]
INFO: [ view_parse ] --END-- [ RunTime:0.007242s ]
INFO: [ view_filter ] --START--
INFO: Run Behavior\WriteHtmlCache [ RunTime:0.000411s ]
INFO: [ view_filter ] --END-- [ RunTime:0.000474s ]
INFO: [ app_end ] --START--
INFO: Run Behavior\ShowPageTrace [ RunTime:0.000619s ]
INFO: [ app_end ] --END-- [ RunTime:0.000686s ]

[ 2017-05-16T17:13:58+08:00 ] ::1 /lottery/admin/index.htm
INFO: [ app_begin ] --START--
INFO: Run Behavior\ReadHtmlCache [ RunTime:0.000761s ]
INFO: [ app_begin ] --END-- [ RunTime:0.001254s ]
ERR: 无法加载控制器:Index.htm

[ 2017-05-16T17:26:08+08:00 ] ::1 /lottery/admin/
INFO: [ app_begin ] --START--
INFO: Run Behavior\ReadHtmlCache [ RunTime:0.000573s ]
INFO: [ app_begin ] --END-- [ RunTime:0.001071s ]
INFO: [ view_parse ] --START--
INFO: [ template_filter ] --START--
INFO: Run Behavior\ContentReplace [ RunTime:0.000100s ]
INFO: [ template_filter ] --END-- [ RunTime:0.000166s ]
INFO: Run Behavior\ParseTemplate [ RunTime:0.006466s ]
INFO: [ view_parse ] --END-- [ RunTime:0.006567s ]
INFO: [ view_filter ] --START--
INFO: Run Behavior\WriteHtmlCache [ RunTime:0.000335s ]
INFO: [ view_filter ] --END-- [ RunTime:0.000395s ]
INFO: [ app_end ] --START--
INFO: Run Behavior\ShowPageTrace [ RunTime:0.000757s ]
INFO: [ app_end ] --END-- [ RunTime:0.000824s ]

[ 2017-05-16T17:26:25+08:00 ] ::1 /lottery/admin/index
INFO: [ app_begin ] --START--
INFO: Run Behavior\ReadHtmlCache [ RunTime:0.000672s ]
INFO: [ app_begin ] --END-- [ RunTime:0.001145s ]
INFO: [ view_parse ] --START--
INFO: [ template_filter ] --START--
INFO: Run Behavior\ContentReplace [ RunTime:0.000111s ]
INFO: [ template_filter ] --END-- [ RunTime:0.000191s ]
INFO: Run Behavior\ParseTemplate [ RunTime:0.008288s ]
INFO: [ view_parse ] --END-- [ RunTime:0.008384s ]
INFO: [ view_filter ] --START--
INFO: Run Behavior\WriteHtmlCache [ RunTime:0.000463s ]
INFO: [ view_filter ] --END-- [ RunTime:0.000531s ]
INFO: [ app_end ] --START--
INFO: Run Behavior\ShowPageTrace [ RunTime:0.000731s ]
INFO: [ app_end ] --END-- [ RunTime:0.000987s ]

[ 2017-05-16T17:26:31+08:00 ] ::1 /lottery/admin/
INFO: [ app_begin ] --START--
INFO: Run Behavior\ReadHtmlCache [ RunTime:0.000633s ]
INFO: [ app_begin ] --END-- [ RunTime:0.001000s ]
INFO: [ view_parse ] --START--
INFO: [ template_filter ] --START--
INFO: Run Behavior\ContentReplace [ RunTime:0.000162s ]
INFO: [ template_filter ] --END-- [ RunTime:0.000292s ]
INFO: Run Behavior\ParseTemplate [ RunTime:0.008256s ]
INFO: [ view_parse ] --END-- [ RunTime:0.008355s ]
INFO: [ view_filter ] --START--
INFO: Run Behavior\WriteHtmlCache [ RunTime:0.000369s ]
INFO: [ view_filter ] --END-- [ RunTime:0.000426s ]
INFO: [ app_end ] --START--
INFO: Run Behavior\ShowPageTrace [ RunTime:0.000755s ]
INFO: [ app_end ] --END-- [ RunTime:0.000820s ]

[ 2017-05-16T17:26:36+08:00 ] ::1 /lottery/index.php/admin/index/index
INFO: [ app_begin ] --START--
INFO: Run Behavior\ReadHtmlCache [ RunTime:0.000680s ]
INFO: [ app_begin ] --END-- [ RunTime:0.001133s ]
INFO: [ view_parse ] --START--
INFO: [ template_filter ] --START--
INFO: Run Behavior\ContentReplace [ RunTime:0.000098s ]
INFO: [ template_filter ] --END-- [ RunTime:0.000160s ]
INFO: Run Behavior\ParseTemplate [ RunTime:0.006872s ]
INFO: [ view_parse ] --END-- [ RunTime:0.006945s ]
INFO: [ view_filter ] --START--
INFO: Run Behavior\WriteHtmlCache [ RunTime:0.000293s ]
INFO: [ view_filter ] --END-- [ RunTime:0.000340s ]
INFO: [ app_end ] --START--
INFO: Run Behavior\ShowPageTrace [ RunTime:0.000804s ]
INFO: [ app_end ] --END-- [ RunTime:0.000896s ]

[ 2017-05-16T17:26:39+08:00 ] ::1 /lottery/index.php/admin/index/index
INFO: [ app_begin ] --START--
INFO: Run Behavior\ReadHtmlCache [ RunTime:0.000534s ]
INFO: [ app_begin ] --END-- [ RunTime:0.000821s ]
INFO: [ view_parse ] --START--
INFO: [ template_filter ] --START--
INFO: Run Behavior\ContentReplace [ RunTime:0.000098s ]
INFO: [ template_filter ] --END-- [ RunTime:0.000161s ]
INFO: Run Behavior\ParseTemplate [ RunTime:0.007017s ]
INFO: [ view_parse ] --END-- [ RunTime:0.007091s ]
INFO: [ view_filter ] --START--
INFO: Run Behavior\WriteHtmlCache [ RunTime:0.000331s ]
INFO: [ view_filter ] --END-- [ RunTime:0.000377s ]
INFO: [ app_end ] --START--
INFO: Run Behavior\ShowPageTrace [ RunTime:0.000565s ]
INFO: [ app_end ] --END-- [ RunTime:0.000651s ]

[ 2017-05-16T17:27:42+08:00 ] ::1 /lottery/admin/
INFO: [ app_begin ] --START--
INFO: Run Behavior\ReadHtmlCache [ RunTime:0.000524s ]
INFO: [ app_begin ] --END-- [ RunTime:0.000842s ]
INFO: [ view_parse ] --START--
INFO: [ template_filter ] --START--
INFO: Run Behavior\ContentReplace [ RunTime:0.000107s ]
INFO: [ template_filter ] --END-- [ RunTime:0.000182s ]
INFO: Run Behavior\ParseTemplate [ RunTime:0.008031s ]
INFO: [ view_parse ] --END-- [ RunTime:0.008129s ]
INFO: [ view_filter ] --START--
INFO: Run Behavior\WriteHtmlCache [ RunTime:0.000283s ]
INFO: [ view_filter ] --END-- [ RunTime:0.000332s ]
INFO: [ app_end ] --START--
INFO: Run Behavior\ShowPageTrace [ RunTime:0.000642s ]
INFO: [ app_end ] --END-- [ RunTime:0.000704s ]

[ 2017-05-16T17:27:50+08:00 ] ::1 /lottery/index.php/admin/index/user
INFO: [ app_begin ] --START--
INFO: Run Behavior\ReadHtmlCache [ RunTime:0.000642s ]
INFO: [ app_begin ] --END-- [ RunTime:0.001143s ]

[ 2017-05-16T17:27:54+08:00 ] ::1 /lottery/index.php/admin/index/index
INFO: [ app_begin ] --START--
INFO: Run Behavior\ReadHtmlCache [ RunTime:0.000573s ]
INFO: [ app_begin ] --END-- [ RunTime:0.000967s ]
INFO: [ view_parse ] --START--
INFO: [ template_filter ] --START--
INFO: Run Behavior\ContentReplace [ RunTime:0.000103s ]
INFO: [ template_filter ] --END-- [ RunTime:0.000213s ]
INFO: Run Behavior\ParseTemplate [ RunTime:0.007243s ]
INFO: [ view_parse ] --END-- [ RunTime:0.007333s ]
INFO: [ view_filter ] --START--
INFO: Run Behavior\WriteHtmlCache [ RunTime:0.000390s ]
INFO: [ view_filter ] --END-- [ RunTime:0.000448s ]
INFO: [ app_end ] --START--
INFO: Run Behavior\ShowPageTrace [ RunTime:0.000810s ]
INFO: [ app_end ] --END-- [ RunTime:0.000902s ]

[ 2017-05-16T17:28:11+08:00 ] ::1 /lottery/index.php/admin/index/user.html
INFO: [ app_begin ] --START--
INFO: Run Behavior\ReadHtmlCache [ RunTime:0.000756s ]
INFO: [ app_begin ] --END-- [ RunTime:0.001175s ]

[ 2017-05-16T17:28:14+08:00 ] ::1 /lottery/index.php/admin/index/index
INFO: [ app_begin ] --START--
INFO: Run Behavior\ReadHtmlCache [ RunTime:0.000705s ]
INFO: [ app_begin ] --END-- [ RunTime:0.001241s ]
INFO: [ view_parse ] --START--
INFO: [ template_filter ] --START--
INFO: Run Behavior\ContentReplace [ RunTime:0.000097s ]
INFO: [ template_filter ] --END-- [ RunTime:0.000173s ]
INFO: Run Behavior\ParseTemplate [ RunTime:0.007068s ]
INFO: [ view_parse ] --END-- [ RunTime:0.007143s ]
INFO: [ view_filter ] --START--
INFO: Run Behavior\WriteHtmlCache [ RunTime:0.000316s ]
INFO: [ view_filter ] --END-- [ RunTime:0.000387s ]
INFO: [ app_end ] --START--
INFO: Run Behavior\ShowPageTrace [ RunTime:0.000616s ]
INFO: [ app_end ] --END-- [ RunTime:0.000691s ]

[ 2017-05-16T17:31:29+08:00 ] ::1 /lottery/index.php/admin/index/index
INFO: [ app_begin ] --START--
INFO: Run Behavior\ReadHtmlCache [ RunTime:0.000642s ]
INFO: [ app_begin ] --END-- [ RunTime:0.001087s ]
INFO: [ view_parse ] --START--
INFO: [ template_filter ] --START--
INFO: Run Behavior\ContentReplace [ RunTime:0.000139s ]
INFO: [ template_filter ] --END-- [ RunTime:0.000236s ]
INFO: Run Behavior\ParseTemplate [ RunTime:0.008034s ]
INFO: [ view_parse ] --END-- [ RunTime:0.008171s ]
INFO: [ view_filter ] --START--
INFO: Run Behavior\WriteHtmlCache [ RunTime:0.000323s ]
INFO: [ view_filter ] --END-- [ RunTime:0.000366s ]
INFO: [ app_end ] --START--
INFO: Run Behavior\ShowPageTrace [ RunTime:0.000744s ]
INFO: [ app_end ] --END-- [ RunTime:0.000847s ]

[ 2017-05-16T17:31:30+08:00 ] ::1 /lottery/index.php/admin/index/maps.html
INFO: [ app_begin ] --START--
INFO: Run Behavior\ReadHtmlCache [ RunTime:0.000606s ]
INFO: [ app_begin ] --END-- [ RunTime:0.000946s ]
ERR: 模板不存在:./Application/Admin/View/Index/maps.htm

[ 2017-05-16T17:31:33+08:00 ] ::1 /lottery/index.php/admin/index/icons.html
INFO: [ app_begin ] --START--
INFO: Run Behavior\ReadHtmlCache [ RunTime:0.000558s ]
INFO: [ app_begin ] --END-- [ RunTime:0.000864s ]
ERR: 模板不存在:./Application/Admin/View/Index/icons.htm

[ 2017-05-16T17:32:00+08:00 ] ::1 /lottery/index.php/admin/index/user
INFO: [ app_begin ] --START--
INFO: Run Behavior\ReadHtmlCache [ RunTime:0.000578s ]
INFO: [ app_begin ] --END-- [ RunTime:0.000979s ]

[ 2017-05-16T17:32:14+08:00 ] ::1 /lottery/index.php/admin/index/user
INFO: [ app_begin ] --START--
INFO: Run Behavior\ReadHtmlCache [ RunTime:0.000543s ]
INFO: [ app_begin ] --END-- [ RunTime:0.000862s ]
INFO: [ view_parse ] --START--
INFO: [ template_filter ] --START--
INFO: Run Behavior\ContentReplace [ RunTime:0.000106s ]
INFO: [ template_filter ] --END-- [ RunTime:0.000180s ]
INFO: Run Behavior\ParseTemplate [ RunTime:0.009474s ]
INFO: [ view_parse ] --END-- [ RunTime:0.009579s ]
INFO: [ view_filter ] --START--
INFO: Run Behavior\WriteHtmlCache [ RunTime:0.000338s ]
INFO: [ view_filter ] --END-- [ RunTime:0.000409s ]
INFO: [ app_end ] --START--
INFO: Run Behavior\ShowPageTrace [ RunTime:0.000682s ]
INFO: [ app_end ] --END-- [ RunTime:0.000740s ]

[ 2017-05-16T17:32:14+08:00 ] ::1 /lottery/index.php/admin/index/assets/css/animate.min.css
INFO: [ app_begin ] --START--
INFO: Run Behavior\ReadHtmlCache [ RunTime:0.000557s ]
INFO: [ app_begin ] --END-- [ RunTime:0.001098s ]
ERR: 非法操作:assets

[ 2017-05-16T17:32:14+08:00 ] ::1 /lottery/index.php/admin/index/assets/css/bootstrap.min.css
INFO: [ app_begin ] --START--
INFO: Run Behavior\ReadHtmlCache [ RunTime:0.000540s ]
INFO: [ app_begin ] --END-- [ RunTime:0.001672s ]
ERR: 非法操作:assets

[ 2017-05-16T17:32:14+08:00 ] ::1 /lottery/index.php/admin/index/assets/css/paper-dashboard.css
INFO: [ app_begin ] --START--
INFO: Run Behavior\ReadHtmlCache [ RunTime:0.000492s ]
INFO: [ app_begin ] --END-- [ RunTime:0.001720s ]
ERR: 非法操作:assets

[ 2017-05-16T17:32:14+08:00 ] ::1 /lottery/index.php/admin/index/assets/css/demo.css
INFO: [ app_begin ] --START--
INFO: Run Behavior\ReadHtmlCache [ RunTime:0.000580s ]
INFO: [ app_begin ] --END-- [ RunTime:0.000920s ]
ERR: 非法操作:assets

[ 2017-05-16T17:32:14+08:00 ] ::1 /lottery/index.php/admin/index/assets/css/themify-icons.css
INFO: [ app_begin ] --START--
INFO: Run Behavior\ReadHtmlCache [ RunTime:0.000393s ]
INFO: [ app_begin ] --END-- [ RunTime:0.000690s ]
ERR: 非法操作:assets

[ 2017-05-16T17:32:14+08:00 ] ::1 /lottery/index.php/admin/index/assets/js/jquery-1.10.2.js
INFO: [ app_begin ] --START--
INFO: Run Behavior\ReadHtmlCache [ RunTime:0.000347s ]
INFO: [ app_begin ] --END-- [ RunTime:0.000613s ]
ERR: 非法操作:assets

[ 2017-05-16T17:32:14+08:00 ] ::1 /lottery/index.php/admin/index/assets/js/bootstrap.min.js
INFO: [ app_begin ] --START--
INFO: Run Behavior\ReadHtmlCache [ RunTime:0.000345s ]
INFO: [ app_begin ] --END-- [ RunTime:0.000617s ]
ERR: 非法操作:assets

[ 2017-05-16T17:32:14+08:00 ] ::1 /lottery/index.php/admin/index/assets/js/chartist.min.js
INFO: [ app_begin ] --START--
INFO: Run Behavior\ReadHtmlCache [ RunTime:0.000541s ]
INFO: [ app_begin ] --END-- [ RunTime:0.000857s ]
ERR: 非法操作:assets

[ 2017-05-16T17:32:14+08:00 ] ::1 /lottery/index.php/admin/index/assets/js/demo.js
INFO: [ app_begin ] --START--
INFO: Run Behavior\ReadHtmlCache [ RunTime:0.000756s ]
INFO: [ app_begin ] --END-- [ RunTime:0.001098s ]
ERR: 非法操作:assets

[ 2017-05-16T17:32:14+08:00 ] ::1 /lottery/index.php/admin/index/assets/js/paper-dashboard.js
INFO: [ app_begin ] --START--
INFO: Run Behavior\ReadHtmlCache [ RunTime:0.000359s ]
INFO: [ app_begin ] --END-- [ RunTime:0.000645s ]
ERR: 非法操作:assets

[ 2017-05-16T17:32:14+08:00 ] ::1 /lottery/index.php/admin/index/assets/js/bootstrap-notify.js
INFO: [ app_begin ] --START--
INFO: Run Behavior\ReadHtmlCache [ RunTime:0.000357s ]
INFO: [ app_begin ] --END-- [ RunTime:0.000634s ]
ERR: 非法操作:assets

[ 2017-05-16T17:32:14+08:00 ] ::1 /lottery/index.php/admin/index/assets/js/bootstrap-checkbox-radio.js
INFO: [ app_begin ] --START--
INFO: Run Behavior\ReadHtmlCache [ RunTime:0.000789s ]
INFO: [ app_begin ] --END-- [ RunTime:0.004021s ]
ERR: 非法操作:assets

[ 2017-05-16T17:32:15+08:00 ] ::1 /lottery/index.php/admin/index/assets/js/chartist.min.js
INFO: [ app_begin ] --START--
INFO: Run Behavior\ReadHtmlCache [ RunTime:0.000953s ]
INFO: [ app_begin ] --END-- [ RunTime:0.001290s ]
ERR: 非法操作:assets

[ 2017-05-16T17:32:15+08:00 ] ::1 /lottery/index.php/admin/index/assets/js/bootstrap-notify.js
INFO: [ app_begin ] --START--
INFO: Run Behavior\ReadHtmlCache [ RunTime:0.000491s ]
INFO: [ app_begin ] --END-- [ RunTime:0.000787s ]
ERR: 非法操作:assets

[ 2017-05-16T17:32:15+08:00 ] ::1 /lottery/index.php/admin/index/assets/js/paper-dashboard.js
INFO: [ app_begin ] --START--
INFO: Run Behavior\ReadHtmlCache [ RunTime:0.000341s ]
INFO: [ app_begin ] --END-- [ RunTime:0.000605s ]
ERR: 非法操作:assets

[ 2017-05-16T17:32:15+08:00 ] ::1 /lottery/index.php/admin/index/assets/js/demo.js
INFO: [ app_begin ] --START--
INFO: Run Behavior\ReadHtmlCache [ RunTime:0.000341s ]
INFO: [ app_begin ] --END-- [ RunTime:0.000650s ]
ERR: 非法操作:assets

[ 2017-05-16T19:27:44+08:00 ] ::1 /lottery/index.php/admin/index/user
INFO: [ app_begin ] --START--
INFO: Run Behavior\ReadHtmlCache [ RunTime:0.000661s ]
INFO: [ app_begin ] --END-- [ RunTime:0.001269s ]
INFO: [ view_parse ] --START--
INFO: [ template_filter ] --START--
INFO: Run Behavior\ContentReplace [ RunTime:0.000150s ]
INFO: [ template_filter ] --END-- [ RunTime:0.000213s ]
INFO: Run Behavior\ParseTemplate [ RunTime:0.008987s ]
INFO: [ view_parse ] --END-- [ RunTime:0.009073s ]
INFO: [ view_filter ] --START--
INFO: Run Behavior\WriteHtmlCache [ RunTime:0.000533s ]
INFO: [ view_filter ] --END-- [ RunTime:0.000622s ]
INFO: [ app_end ] --START--
INFO: Run Behavior\ShowPageTrace [ RunTime:0.000513s ]
INFO: [ app_end ] --END-- [ RunTime:0.000594s ]

[ 2017-05-16T19:27:44+08:00 ] ::1 /lottery/index.php/admin/index/assets/css/bootstrap.min.css
INFO: [ app_begin ] --START--
INFO: Run Behavior\ReadHtmlCache [ RunTime:0.000403s ]
INFO: [ app_begin ] --END-- [ RunTime:0.000666s ]
ERR: 非法操作:assets

[ 2017-05-16T19:27:44+08:00 ] ::1 /lottery/index.php/admin/index/assets/css/paper-dashboard.css
INFO: [ app_begin ] --START--
INFO: Run Behavior\ReadHtmlCache [ RunTime:0.000692s ]
INFO: [ app_begin ] --END-- [ RunTime:0.001166s ]
ERR: 非法操作:assets

[ 2017-05-16T19:27:44+08:00 ] ::1 /lottery/index.php/admin/index/assets/css/animate.min.css
INFO: [ app_begin ] --START--
INFO: Run Behavior\ReadHtmlCache [ RunTime:0.000672s ]
INFO: [ app_begin ] --END-- [ RunTime:0.001019s ]
ERR: 非法操作:assets

[ 2017-05-16T19:27:44+08:00 ] ::1 /lottery/index.php/admin/index/assets/css/themify-icons.css
INFO: [ app_begin ] --START--
INFO: Run Behavior\ReadHtmlCache [ RunTime:0.000511s ]
INFO: [ app_begin ] --END-- [ RunTime:0.000826s ]
ERR: 非法操作:assets

[ 2017-05-16T19:27:44+08:00 ] ::1 /lottery/index.php/admin/index/assets/css/demo.css
INFO: [ app_begin ] --START--
INFO: Run Behavior\ReadHtmlCache [ RunTime:0.000494s ]
INFO: [ app_begin ] --END-- [ RunTime:0.000801s ]
ERR: 非法操作:assets

[ 2017-05-16T19:27:44+08:00 ] ::1 /lottery/index.php/admin/index/assets/js/jquery-1.10.2.js
INFO: [ app_begin ] --START--
INFO: Run Behavior\ReadHtmlCache [ RunTime:0.000340s ]
INFO: [ app_begin ] --END-- [ RunTime:0.000595s ]
ERR: 非法操作:assets

[ 2017-05-16T19:27:44+08:00 ] ::1 /lottery/index.php/admin/index/assets/js/bootstrap.min.js
INFO: [ app_begin ] --START--
INFO: Run Behavior\ReadHtmlCache [ RunTime:0.000362s ]
INFO: [ app_begin ] --END-- [ RunTime:0.000670s ]
ERR: 非法操作:assets

[ 2017-05-16T19:27:44+08:00 ] ::1 /lottery/index.php/admin/index/assets/js/bootstrap-checkbox-radio.js
INFO: [ app_begin ] --START--
INFO: Run Behavior\ReadHtmlCache [ RunTime:0.000542s ]
INFO: [ app_begin ] --END-- [ RunTime:0.000887s ]
ERR: 非法操作:assets

[ 2017-05-16T19:27:44+08:00 ] ::1 /lottery/index.php/admin/index/assets/js/bootstrap-notify.js
INFO: [ app_begin ] --START--
INFO: Run Behavior\ReadHtmlCache [ RunTime:0.000494s ]
INFO: [ app_begin ] --END-- [ RunTime:0.000816s ]
ERR: 非法操作:assets

[ 2017-05-16T19:27:44+08:00 ] ::1 /lottery/index.php/admin/index/assets/js/chartist.min.js
INFO: [ app_begin ] --START--
INFO: Run Behavior\ReadHtmlCache [ RunTime:0.000587s ]
INFO: [ app_begin ] --END-- [ RunTime:0.000943s ]
ERR: 非法操作:assets

[ 2017-05-16T19:27:44+08:00 ] ::1 /lottery/index.php/admin/index/assets/js/demo.js
INFO: [ app_begin ] --START--
INFO: Run Behavior\ReadHtmlCache [ RunTime:0.000433s ]
INFO: [ app_begin ] --END-- [ RunTime:0.000754s ]
ERR: 非法操作:assets

[ 2017-05-16T19:27:44+08:00 ] ::1 /lottery/index.php/admin/index/assets/js/paper-dashboard.js
INFO: [ app_begin ] --START--
INFO: Run Behavior\ReadHtmlCache [ RunTime:0.000473s ]
INFO: [ app_begin ] --END-- [ RunTime:0.000779s ]
ERR: 非法操作:assets

[ 2017-05-16T19:27:44+08:00 ] ::1 /lottery/index.php/admin/index/assets/js/bootstrap-notify.js
INFO: [ app_begin ] --START--
INFO: Run Behavior\ReadHtmlCache [ RunTime:0.000374s ]
INFO: [ app_begin ] --END-- [ RunTime:0.000671s ]
ERR: 非法操作:assets

[ 2017-05-16T19:47:33+08:00 ] ::1 /lottery/index.php/admin/index/index
INFO: [ app_begin ] --START--
INFO: Run Behavior\ReadHtmlCache [ RunTime:0.000473s ]
INFO: [ app_begin ] --END-- [ RunTime:0.000776s ]
INFO: [ view_parse ] --START--
INFO: [ template_filter ] --START--
INFO: Run Behavior\ContentReplace [ RunTime:0.000139s ]
INFO: [ template_filter ] --END-- [ RunTime:0.000293s ]
INFO: Run Behavior\ParseTemplate [ RunTime:0.011409s ]
INFO: [ view_parse ] --END-- [ RunTime:0.011477s ]
INFO: [ view_filter ] --START--
INFO: Run Behavior\WriteHtmlCache [ RunTime:0.000290s ]
INFO: [ view_filter ] --END-- [ RunTime:0.000337s ]
INFO: [ app_end ] --START--
INFO: Run Behavior\ShowPageTrace [ RunTime:0.000558s ]
INFO: [ app_end ] --END-- [ RunTime:0.000612s ]

[ 2017-05-16T19:47:35+08:00 ] ::1 /lottery/index.php/admin/index/user
INFO: [ app_begin ] --START--
INFO: Run Behavior\ReadHtmlCache [ RunTime:0.000511s ]
INFO: [ app_begin ] --END-- [ RunTime:0.000826s ]
INFO: [ view_parse ] --START--
INFO: [ template_filter ] --START--
INFO: Run Behavior\ContentReplace [ RunTime:0.000134s ]
INFO: [ template_filter ] --END-- [ RunTime:0.000286s ]
INFO: Run Behavior\ParseTemplate [ RunTime:0.008682s ]
INFO: [ view_parse ] --END-- [ RunTime:0.008773s ]
INFO: [ view_filter ] --START--
INFO: Run Behavior\WriteHtmlCache [ RunTime:0.000408s ]
INFO: [ view_filter ] --END-- [ RunTime:0.000463s ]
INFO: [ app_end ] --START--
INFO: Run Behavior\ShowPageTrace [ RunTime:0.000844s ]
INFO: [ app_end ] --END-- [ RunTime:0.000960s ]

[ 2017-05-16T19:47:35+08:00 ] ::1 /lottery/index.php/admin/index/assets/css/bootstrap.min.css
INFO: [ app_begin ] --START--
INFO: Run Behavior\ReadHtmlCache [ RunTime:0.000363s ]
INFO: [ app_begin ] --END-- [ RunTime:0.000660s ]
ERR: 非法操作:assets

[ 2017-05-16T19:47:35+08:00 ] ::1 /lottery/index.php/admin/index/assets/css/animate.min.css
INFO: [ app_begin ] --START--
INFO: Run Behavior\ReadHtmlCache [ RunTime:0.000361s ]
INFO: [ app_begin ] --END-- [ RunTime:0.000643s ]
ERR: 非法操作:assets

[ 2017-05-16T19:47:35+08:00 ] ::1 /lottery/index.php/admin/index/assets/css/themify-icons.css
INFO: [ app_begin ] --START--
INFO: Run Behavior\ReadHtmlCache [ RunTime:0.001414s ]
INFO: [ app_begin ] --END-- [ RunTime:0.001823s ]
ERR: 非法操作:assets

[ 2017-05-16T19:47:35+08:00 ] ::1 /lottery/index.php/admin/index/assets/css/demo.css
INFO: [ app_begin ] --START--
INFO: Run Behavior\ReadHtmlCache [ RunTime:0.000481s ]
INFO: [ app_begin ] --END-- [ RunTime:0.000806s ]
ERR: 非法操作:assets

[ 2017-05-16T19:47:35+08:00 ] ::1 /lottery/index.php/admin/index/assets/css/paper-dashboard.css
INFO: [ app_begin ] --START--
INFO: Run Behavior\ReadHtmlCache [ RunTime:0.003470s ]
INFO: [ app_begin ] --END-- [ RunTime:0.007908s ]
ERR: 非法操作:assets

[ 2017-05-16T19:47:35+08:00 ] ::1 /lottery/index.php/admin/index/assets/js/bootstrap-checkbox-radio.js
INFO: [ app_begin ] --START--
INFO: Run Behavior\ReadHtmlCache [ RunTime:0.000341s ]
INFO: [ app_begin ] --END-- [ RunTime:0.000602s ]
ERR: 非法操作:assets

[ 2017-05-16T19:47:35+08:00 ] ::1 /lottery/index.php/admin/index/assets/js/bootstrap.min.js
INFO: [ app_begin ] --START--
INFO: Run Behavior\ReadHtmlCache [ RunTime:0.000330s ]
INFO: [ app_begin ] --END-- [ RunTime:0.000582s ]
ERR: 非法操作:assets

[ 2017-05-16T19:47:35+08:00 ] ::1 /lottery/index.php/admin/index/assets/js/jquery-1.10.2.js
INFO: [ app_begin ] --START--
INFO: Run Behavior\ReadHtmlCache [ RunTime:0.000522s ]
INFO: [ app_begin ] --END-- [ RunTime:0.000880s ]
ERR: 非法操作:assets

[ 2017-05-16T19:47:35+08:00 ] ::1 /lottery/index.php/admin/index/assets/js/chartist.min.js
INFO: [ app_begin ] --START--
INFO: Run Behavior\ReadHtmlCache [ RunTime:0.000424s ]
INFO: [ app_begin ] --END-- [ RunTime:0.000705s ]
ERR: 非法操作:assets

[ 2017-05-16T19:47:35+08:00 ] ::1 /lottery/index.php/admin/index/assets/js/bootstrap-notify.js
INFO: [ app_begin ] --START--
INFO: Run Behavior\ReadHtmlCache [ RunTime:0.000350s ]
INFO: [ app_begin ] --END-- [ RunTime:0.000622s ]
ERR: 非法操作:assets

[ 2017-05-16T19:47:35+08:00 ] ::1 /lottery/index.php/admin/index/assets/js/demo.js
INFO: [ app_begin ] --START--
INFO: Run Behavior\ReadHtmlCache [ RunTime:0.000359s ]
INFO: [ app_begin ] --END-- [ RunTime:0.000620s ]
ERR: 非法操作:assets

[ 2017-05-16T19:47:35+08:00 ] ::1 /lottery/index.php/admin/index/assets/js/bootstrap.min.js
INFO: [ app_begin ] --START--
INFO: Run Behavior\ReadHtmlCache [ RunTime:0.000453s ]
INFO: [ app_begin ] --END-- [ RunTime:0.000814s ]
ERR: 非法操作:assets

[ 2017-05-16T19:47:36+08:00 ] ::1 /lottery/index.php/admin/index/assets/js/bootstrap-checkbox-radio.js
INFO: [ app_begin ] --START--
INFO: Run Behavior\ReadHtmlCache [ RunTime:0.000360s ]
INFO: [ app_begin ] --END-- [ RunTime:0.000665s ]
ERR: 非法操作:assets

[ 2017-05-16T19:47:36+08:00 ] ::1 /lottery/index.php/admin/index/assets/js/chartist.min.js
INFO: [ app_begin ] --START--
INFO: Run Behavior\ReadHtmlCache [ RunTime:0.000354s ]
INFO: [ app_begin ] --END-- [ RunTime:0.000652s ]
ERR: 非法操作:assets

[ 2017-05-16T19:47:36+08:00 ] ::1 /lottery/index.php/admin/index/assets/js/paper-dashboard.js
INFO: [ app_begin ] --START--
INFO: Run Behavior\ReadHtmlCache [ RunTime:0.000638s ]
INFO: [ app_begin ] --END-- [ RunTime:0.001066s ]
ERR: 非法操作:assets

[ 2017-05-16T19:47:36+08:00 ] ::1 /lottery/index.php/admin/index/assets/js/bootstrap-notify.js
INFO: [ app_begin ] --START--
INFO: Run Behavior\ReadHtmlCache [ RunTime:0.000336s ]
INFO: [ app_begin ] --END-- [ RunTime:0.000593s ]
ERR: 非法操作:assets

[ 2017-05-16T19:47:38+08:00 ] ::1 /lottery/index.php/admin/index/index
INFO: [ app_begin ] --START--
INFO: Run Behavior\ReadHtmlCache [ RunTime:0.000427s ]
INFO: [ app_begin ] --END-- [ RunTime:0.000780s ]
INFO: [ view_parse ] --START--
INFO: [ template_filter ] --START--
INFO: Run Behavior\ContentReplace [ RunTime:0.000106s ]
INFO: [ template_filter ] --END-- [ RunTime:0.000175s ]
INFO: Run Behavior\ParseTemplate [ RunTime:0.006460s ]
INFO: [ view_parse ] --END-- [ RunTime:0.006539s ]
INFO: [ view_filter ] --START--
INFO: Run Behavior\WriteHtmlCache [ RunTime:0.000169s ]
INFO: [ view_filter ] --END-- [ RunTime:0.000226s ]
INFO: [ app_end ] --START--
INFO: Run Behavior\ShowPageTrace [ RunTime:0.000430s ]
INFO: [ app_end ] --END-- [ RunTime:0.000499s ]

